log start!
[Test][0] Accuracy: total average 14.8, test average 15.0, in each domain [13.4 15.9 16.5 17.6 14.1 12.8 14.1 14.6 14.2 16.6 13.3]
[Test][1] Accuracy: total average 14.6, test average 14.6, in each domain [13.5 15.6 17.1 13.9 14.9 14.1 14.9 14.1 14.8 17.8 10. ]
[Test][2] Accuracy: total average 15.0, test average 15.1, in each domain [13.7 16.4 15.7 16.8 16.2 13.8 14.9 13.9 15.4 17.  11. ]
[Test][3] Accuracy: total average 20.4, test average 19.1, in each domain [19.6 19.8 15.3 18.4 21.8 17.9 23.  24.7 23.9 13.8 26. ]
[Test][4] Accuracy: total average 19.6, test average 19.0, in each domain [18.3 19.8 19.4 22.4 20.5 19.2 21.6 23.  19.1 17.4 15.4]
[Test][5] Accuracy: total average 25.1, test average 23.7, in each domain [14.9 18.8 19.8 29.7 28.7 30.7 28.2 28.3 30.6 29.9 17. ]
[Test][6] Accuracy: total average 24.2, test average 23.2, in each domain [15.4 16.5 12.8 26.7 28.5 27.6 27.2 26.2 27.6 26.2 31.5]
[Test][7] Accuracy: total average 25.5, test average 24.4, in each domain [15.4 18.2 19.2 30.6 30.6 28.7 27.9 28.4 29.3 25.3 27.1]
[Test][8] Accuracy: total average 25.8, test average 24.9, in each domain [17.  16.9 13.8 27.2 28.1 32.2 27.2 28.6 29.3 28.5 35.4]
[Test][9] Accuracy: total average 29.2, test average 29.5, in each domain [29.6 27.  27.3 32.8 32.  29.3 29.  27.8 28.9 26.3 31.3]
[Test][10] Accuracy: total average 25.4, test average 24.4, in each domain [19.9 17.9 16.8 29.2 28.9 28.1 26.8 28.4 29.4 25.4 28.9]
[Test][11] Accuracy: total average 29.8, test average 30.1, in each domain [30.  26.6 27.2 36.2 35.2 35.2 29.1 28.1 30.1 23.  27.4]
[Test][12] Accuracy: total average 28.4, test average 27.0, in each domain [18.1 16.2 15.4 36.1 37.5 40.9 28.6 30.9 36.2 24.  28. ]
[Test][13] Accuracy: total average 34.7, test average 33.2, in each domain [22.5 26.1 24.5 47.2 48.7 46.5 35.3 39.5 40.7 22.7 27.5]
[Test][14] Accuracy: total average 38.4, test average 36.1, in each domain [20.5 26.6 25.8 43.  46.5 51.3 41.3 43.3 49.1 36.2 39.3]
[Test][15] Accuracy: total average 40.0, test average 34.9, in each domain [23.1 26.6 27.3 51.5 54.1 49.7 51.6 54.3 54.6 18.5 28.8]
[Test][16] Accuracy: total average 38.4, test average 34.2, in each domain [25.3 25.9 27.  55.2 55.2 54.1 42.5 53.  53.  14.8 16.1]
[Test][17] Accuracy: total average 44.1, test average 38.2, in each domain [24.2 26.6 27.3 56.5 56.8 58.6 56.5 60.3 62.4 23.1 32.6]
[Test][18] Accuracy: total average 44.1, test average 38.5, in each domain [29.3 26.7 27.3 63.7 67.  59.  57.9 56.9 62.1 15.8 19.3]
[Test][19] Accuracy: total average 46.2, test average 39.3, in each domain [25.3 26.6 26.5 63.5 65.5 69.2 60.2 66.1 67.5 18.3 19.4]
[Test][20] Accuracy: total average 48.4, test average 40.9, in each domain [24.1 26.6 25.3 71.2 71.9 69.9 62.9 70.4 71.6 19.4 18.8]
[Test][21] Accuracy: total average 46.8, test average 39.2, in each domain [23.4 27.9 24.  71.2 63.5 55.  62.1 68.8 70.5 22.5 25.9]
[Test][22] Accuracy: total average 46.4, test average 37.8, in each domain [18.9 26.6 23.4 59.6 64.  55.8 64.2 71.6 72.5 28.  26. ]
[Test][23] Accuracy: total average 46.4, test average 37.4, in each domain [18.8 26.6 25.3 62.6 54.3 54.7 66.1 70.7 73.9 27.3 29.9]
[Test][24] Accuracy: total average 48.2, test average 40.0, in each domain [16.8 26.4 21.3 72.3 70.4 62.4 68.7 70.4 71.4 22.8 27.3]
[Test][25] Accuracy: total average 48.5, test average 38.6, in each domain [17.4 26.6 24.  62.6 61.1 60.7 70.8 77.3 77.3 29.3 26.8]
[Test][26] Accuracy: total average 49.3, test average 39.7, in each domain [19.4 26.6 24.7 67.4 69.3 60.2 66.8 76.7 80.7 24.5 25.9]
[Test][27] Accuracy: total average 48.8, test average 37.3, in each domain [17.  26.6 21.9 63.7 60.4 52.2 74.  81.8 82.6 29.3 27.8]
[Test][28] Accuracy: total average 49.3, test average 37.4, in each domain [16.3 26.6 21.2 65.1 59.9 51.2 77.7 81.6 84.1 29.6 29. ]
[Test][29] Accuracy: total average 49.0, test average 37.3, in each domain [16.4 26.5 22.2 66.  60.5 50.9 75.5 81.9 83.9 28.7 27. ]
