================================================================================
2026-03-03 17:59:21, 任务: 4, seed: None
--------------------------------------------------------------------------------
参数: num_classes=7, batch_size=64, lr=0.0005, epochs=100
训练完成 - 2026-03-03 18:08:26
测试结果: 准确率=75.7310% | Loss=4.0137 | Macro F1=0.7591 | Weighted F1=0.7602
================================================================================
================================================================================
2026-03-03 18:28:22, 任务: 2, seed: 45
--------------------------------------------------------------------------------
参数: num_classes=7, batch_size=64, lr=0.0005, epochs=100
训练完成 - 2026-03-03 18:36:59
测试结果: 准确率=84.3137% | Loss=2.2469 | Macro F1=0.8478 | Weighted F1=0.8449
================================================================================
================================================================================
2026-03-03 18:28:15, 任务: 2, seed: 42
--------------------------------------------------------------------------------
参数: num_classes=7, batch_size=64, lr=0.0005, epochs=100
训练完成 - 2026-03-03 18:37:01
测试结果: 准确率=84.6872% | Loss=2.7489 | Macro F1=0.8490 | Weighted F1=0.8507
================================================================================
================================================================================
2026-03-03 18:28:18, 任务: 2, seed: 43
--------------------------------------------------------------------------------
参数: num_classes=7, batch_size=64, lr=0.0005, epochs=100
训练完成 - 2026-03-03 18:37:05
测试结果: 准确率=80.0187% | Loss=3.7383 | Macro F1=0.8016 | Weighted F1=0.8031
================================================================================
================================================================================
2026-03-03 18:28:20, 任务: 2, seed: 44
--------------------------------------------------------------------------------
参数: num_classes=7, batch_size=64, lr=0.0005, epochs=100
训练完成 - 2026-03-03 18:37:09
测试结果: 准确率=99.8133% | Loss=0.0117 | Macro F1=0.9982 | Weighted F1=0.9981
================================================================================
================================================================================
2026-03-03 18:38:30, 任务: 2, seed: 42
--------------------------------------------------------------------------------
参数: num_classes=7, batch_size=128, lr=0.0005, epochs=100
训练完成 - 2026-03-03 18:43:35
测试结果: 准确率=88.4220% | Loss=1.8479 | Macro F1=0.8863 | Weighted F1=0.8839
================================================================================
================================================================================
2026-03-03 18:38:33, 任务: 2, seed: 43
--------------------------------------------------------------------------------
参数: num_classes=7, batch_size=128, lr=0.0005, epochs=100
训练完成 - 2026-03-03 18:43:36
测试结果: 准确率=71.3352% | Loss=4.7361 | Macro F1=0.7207 | Weighted F1=0.7194
================================================================================
================================================================================
2026-03-03 18:38:34, 任务: 2, seed: 44
--------------------------------------------------------------------------------
参数: num_classes=7, batch_size=128, lr=0.0005, epochs=100
训练完成 - 2026-03-03 18:43:39
测试结果: 准确率=68.3473% | Loss=8.7068 | Macro F1=0.6809 | Weighted F1=0.6887
================================================================================
================================================================================
2026-03-03 18:38:36, 任务: 2, seed: 45
--------------------------------------------------------------------------------
参数: num_classes=7, batch_size=128, lr=0.0005, epochs=100
训练完成 - 2026-03-03 18:43:40
测试结果: 准确率=77.8711% | Loss=5.4251 | Macro F1=0.7940 | Weighted F1=0.7936
================================================================================
================================================================================
2026-03-03 18:45:34, 任务: 2, seed: 43
--------------------------------------------------------------------------------
参数: num_classes=7, batch_size=64, lr=0.001, epochs=100
训练完成 - 2026-03-03 18:54:09
测试结果: 准确率=98.5994% | Loss=0.0610 | Macro F1=0.9861 | Weighted F1=0.9861
================================================================================
================================================================================
2026-03-03 18:45:38, 任务: 2, seed: 45
--------------------------------------------------------------------------------
参数: num_classes=7, batch_size=64, lr=0.001, epochs=100
训练完成 - 2026-03-03 18:54:12
测试结果: 准确率=75.4435% | Loss=8.4572 | Macro F1=0.7608 | Weighted F1=0.7481
================================================================================
================================================================================
2026-03-03 18:45:33, 任务: 2, seed: 42
--------------------------------------------------------------------------------
参数: num_classes=7, batch_size=64, lr=0.001, epochs=100
训练完成 - 2026-03-03 18:54:16
测试结果: 准确率=75.8170% | Loss=7.0400 | Macro F1=0.7608 | Weighted F1=0.7595
================================================================================
================================================================================
2026-03-03 18:45:37, 任务: 2, seed: 44
--------------------------------------------------------------------------------
参数: num_classes=7, batch_size=64, lr=0.001, epochs=100
训练完成 - 2026-03-03 18:54:24
测试结果: 准确率=76.0971% | Loss=6.7493 | Macro F1=0.7658 | Weighted F1=0.7650
================================================================================
================================================================================
2026-03-03 18:55:52, 任务: 2, seed: 43
--------------------------------------------------------------------------------
参数: num_classes=7, batch_size=64, lr=0.0005, epochs=100
训练完成 - 2026-03-03 19:04:28
测试结果: 准确率=77.0308% | Loss=5.2171 | Macro F1=0.7760 | Weighted F1=0.7665
================================================================================
================================================================================
2026-03-03 18:55:54, 任务: 2, seed: 44
--------------------------------------------------------------------------------
参数: num_classes=7, batch_size=64, lr=0.0005, epochs=100
训练完成 - 2026-03-03 19:04:35
测试结果: 准确率=79.8319% | Loss=6.3469 | Macro F1=0.8017 | Weighted F1=0.7976
================================================================================
================================================================================
2026-03-03 18:55:56, 任务: 2, seed: 45
--------------------------------------------------------------------------------
参数: num_classes=7, batch_size=64, lr=0.0005, epochs=100
训练完成 - 2026-03-03 19:04:37
测试结果: 准确率=72.3623% | Loss=7.9003 | Macro F1=0.7275 | Weighted F1=0.7211
================================================================================
================================================================================
2026-03-03 18:55:50, 任务: 2, seed: 42
--------------------------------------------------------------------------------
参数: num_classes=7, batch_size=64, lr=0.0005, epochs=100
训练完成 - 2026-03-03 19:04:40
测试结果: 准确率=82.3529% | Loss=5.8827 | Macro F1=0.8191 | Weighted F1=0.8245
================================================================================
================================================================================
2026-03-03 19:06:07, 任务: 2, seed: 44, weight_domain: 1.5
--------------------------------------------------------------------------------
参数: num_classes=7, batch_size=64, lr=0.0005, epochs=100
训练完成 - 2026-03-03 19:14:34
测试结果: 准确率=100.0000% | Loss=0.0011 | Macro F1=1.0000 | Weighted F1=1.0000
================================================================================
================================================================================
2026-03-03 19:06:06, 任务: 2, seed: 43, weight_domain: 1.5
--------------------------------------------------------------------------------
参数: num_classes=7, batch_size=64, lr=0.0005, epochs=100
训练完成 - 2026-03-03 19:14:42
测试结果: 准确率=81.8861% | Loss=3.7976 | Macro F1=0.8202 | Weighted F1=0.8240
================================================================================
================================================================================
2026-03-03 19:06:03, 任务: 2, seed: 42, weight_domain: 1.5
--------------------------------------------------------------------------------
参数: num_classes=7, batch_size=64, lr=0.0005, epochs=100
训练完成 - 2026-03-03 19:14:45
测试结果: 准确率=82.3529% | Loss=3.3762 | Macro F1=0.8225 | Weighted F1=0.8217
================================================================================
================================================================================
2026-03-03 19:06:10, 任务: 2, seed: 45, weight_domain: 1.5
--------------------------------------------------------------------------------
参数: num_classes=7, batch_size=64, lr=0.0005, epochs=100
训练完成 - 2026-03-03 19:14:45
测试结果: 准确率=85.6209% | Loss=2.3160 | Macro F1=0.8602 | Weighted F1=0.8584
================================================================================
================================================================================
2026-03-03 19:16:38, 任务: 2, seed: 44, weight_domain: 1.5
--------------------------------------------------------------------------------
参数: num_classes=7, batch_size=64, lr=0.0001, epochs=100
训练完成 - 2026-03-03 19:24:58
测试结果: 准确率=70.1214% | Loss=6.1044 | Macro F1=0.7143 | Weighted F1=0.7151
================================================================================
================================================================================
2026-03-03 19:16:34, 任务: 2, seed: 42, weight_domain: 1.5
--------------------------------------------------------------------------------
参数: num_classes=7, batch_size=64, lr=0.0001, epochs=100
训练完成 - 2026-03-03 19:25:04
测试结果: 准确率=52.5677% | Loss=9.2480 | Macro F1=0.5278 | Weighted F1=0.5180
================================================================================
================================================================================
2026-03-03 19:16:40, 任务: 2, seed: 45, weight_domain: 1.5
--------------------------------------------------------------------------------
参数: num_classes=7, batch_size=64, lr=0.0001, epochs=100
训练完成 - 2026-03-03 19:25:09
测试结果: 准确率=92.4370% | Loss=1.6791 | Macro F1=0.9281 | Weighted F1=0.9248
================================================================================
================================================================================
2026-03-03 19:16:36, 任务: 2, seed: 43, weight_domain: 1.5
--------------------------------------------------------------------------------
参数: num_classes=7, batch_size=64, lr=0.0001, epochs=100
训练完成 - 2026-03-03 19:25:19
测试结果: 准确率=66.1064% | Loss=6.4417 | Macro F1=0.6753 | Weighted F1=0.6744
================================================================================
================================================================================
2026-03-03 19:35:14, 任务: 1, seed: 44, weight_domain: 1.5
--------------------------------------------------------------------------------
参数: num_classes=7, batch_size=64, lr=0.0005, epochs=100
训练完成 - 2026-03-03 19:43:49
测试结果: 准确率=99.9021% | Loss=0.0040 | Macro F1=0.9990 | Weighted F1=0.9990
================================================================================
================================================================================
2026-03-03 19:35:12, 任务: 1, seed: 43, weight_domain: 1.5
--------------------------------------------------------------------------------
参数: num_classes=7, batch_size=64, lr=0.0005, epochs=100
训练完成 - 2026-03-03 19:43:50
测试结果: 准确率=99.3144% | Loss=0.0253 | Macro F1=0.9932 | Weighted F1=0.9931
================================================================================
================================================================================
2026-03-03 19:35:16, 任务: 1, seed: 45, weight_domain: 1.5
--------------------------------------------------------------------------------
参数: num_classes=7, batch_size=64, lr=0.0005, epochs=100
训练完成 - 2026-03-03 19:43:52
测试结果: 准确率=99.0206% | Loss=0.0345 | Macro F1=0.9903 | Weighted F1=0.9903
================================================================================
================================================================================
2026-03-03 19:35:10, 任务: 1, seed: 42, weight_domain: 1.5
--------------------------------------------------------------------------------
参数: num_classes=7, batch_size=64, lr=0.0005, epochs=100
训练完成 - 2026-03-03 19:43:55
测试结果: 准确率=100.0000% | Loss=0.0013 | Macro F1=1.0000 | Weighted F1=1.0000
================================================================================
================================================================================
2026-03-03 19:44:52, 任务: 3, seed: 43, weight_domain: 1.5
--------------------------------------------------------------------------------
参数: num_classes=7, batch_size=64, lr=0.0005, epochs=100
训练完成 - 2026-03-03 19:53:29
测试结果: 准确率=92.6326% | Loss=1.1461 | Macro F1=0.9283 | Weighted F1=0.9263
================================================================================
================================================================================
2026-03-03 19:44:55, 任务: 3, seed: 44, weight_domain: 1.5
--------------------------------------------------------------------------------
参数: num_classes=7, batch_size=64, lr=0.0005, epochs=100
训练完成 - 2026-03-03 19:53:33
测试结果: 准确率=99.8035% | Loss=0.0076 | Macro F1=0.9979 | Weighted F1=0.9980
================================================================================
================================================================================
2026-03-03 19:44:50, 任务: 3, seed: 42, weight_domain: 1.5
--------------------------------------------------------------------------------
参数: num_classes=7, batch_size=64, lr=0.0005, epochs=100
训练完成 - 2026-03-03 19:53:34
测试结果: 准确率=97.0530% | Loss=0.1742 | Macro F1=0.9698 | Weighted F1=0.9702
================================================================================
================================================================================
2026-03-03 19:44:57, 任务: 3, seed: 45, weight_domain: 1.5
--------------------------------------------------------------------------------
参数: num_classes=7, batch_size=64, lr=0.0005, epochs=100
训练完成 - 2026-03-03 19:53:35
测试结果: 准确率=92.1415% | Loss=1.4748 | Macro F1=0.9227 | Weighted F1=0.9209
================================================================================
================================================================================
2026-03-03 19:55:13, 任务: 4, seed: 45, weight_domain: 1.5
--------------------------------------------------------------------------------
参数: num_classes=7, batch_size=64, lr=0.0005, epochs=100
训练完成 - 2026-03-03 20:03:52
测试结果: 准确率=81.7739% | Loss=4.2999 | Macro F1=0.8176 | Weighted F1=0.8172
================================================================================
================================================================================
2026-03-03 19:55:11, 任务: 4, seed: 44, weight_domain: 1.5
--------------------------------------------------------------------------------
参数: num_classes=7, batch_size=64, lr=0.0005, epochs=100
训练完成 - 2026-03-03 20:03:56
测试结果: 准确率=72.5634% | Loss=5.5004 | Macro F1=0.7223 | Weighted F1=0.7230
================================================================================
================================================================================
2026-03-03 19:55:09, 任务: 4, seed: 43, weight_domain: 1.5
--------------------------------------------------------------------------------
参数: num_classes=7, batch_size=64, lr=0.0005, epochs=100
训练完成 - 2026-03-03 20:03:58
测试结果: 准确率=72.9045% | Loss=7.6985 | Macro F1=0.7263 | Weighted F1=0.7269
================================================================================
================================================================================
2026-03-03 19:55:07, 任务: 4, seed: 42, weight_domain: 1.5
--------------------------------------------------------------------------------
参数: num_classes=7, batch_size=64, lr=0.0005, epochs=100
训练完成 - 2026-03-03 20:03:59
测试结果: 准确率=71.1501% | Loss=7.2550 | Macro F1=0.7109 | Weighted F1=0.7113
================================================================================
================================================================================
2026-03-04 21:57:37, 任务: 8, seed: 42, weight_domain: 1.5
--------------------------------------------------------------------------------
参数: num_classes=7, batch_size=64, lr=0.0005, epochs=100
训练完成 - 2026-03-04 22:02:34
测试结果: 准确率=99.9020% | Loss=0.0153 | Macro F1=0.9991 | Weighted F1=0.9990
================================================================================
================================================================================
2026-03-04 21:57:45, 任务: 8, seed: 43, weight_domain: 1.5
--------------------------------------------------------------------------------
参数: num_classes=7, batch_size=64, lr=0.0005, epochs=100
训练完成 - 2026-03-04 22:02:39
测试结果: 准确率=99.6569% | Loss=0.0273 | Macro F1=0.9967 | Weighted F1=0.9966
================================================================================
================================================================================
2026-03-04 21:57:57, 任务: 8, seed: 45, weight_domain: 1.5
--------------------------------------------------------------------------------
参数: num_classes=7, batch_size=64, lr=0.0005, epochs=100
训练完成 - 2026-03-04 22:02:51
测试结果: 准确率=100.0000% | Loss=0.0000 | Macro F1=1.0000 | Weighted F1=1.0000
================================================================================
================================================================================
2026-03-04 21:57:51, 任务: 8, seed: 44, weight_domain: 1.5
--------------------------------------------------------------------------------
参数: num_classes=7, batch_size=64, lr=0.0005, epochs=100
训练完成 - 2026-03-04 22:02:54
测试结果: 准确率=99.8529% | Loss=0.0137 | Macro F1=0.9986 | Weighted F1=0.9985
================================================================================
================================================================================
2026-03-04 22:01:49, 任务: 7, seed: 42, weight_domain: 1.5
--------------------------------------------------------------------------------
参数: num_classes=7, batch_size=64, lr=0.0005, epochs=100
训练完成 - 2026-03-04 22:05:12
测试结果: 准确率=82.4536% | Loss=2.0772 | Macro F1=0.8226 | Weighted F1=0.8237
================================================================================
================================================================================
2026-03-04 22:01:55, 任务: 7, seed: 43, weight_domain: 1.5
--------------------------------------------------------------------------------
参数: num_classes=7, batch_size=64, lr=0.0005, epochs=100
训练完成 - 2026-03-04 22:05:17
测试结果: 准确率=69.1593% | Loss=7.0912 | Macro F1=0.6974 | Weighted F1=0.6966
================================================================================
================================================================================
2026-03-04 22:02:00, 任务: 7, seed: 44, weight_domain: 1.5
--------------------------------------------------------------------------------
参数: num_classes=7, batch_size=64, lr=0.0005, epochs=100
训练完成 - 2026-03-04 22:05:19
测试结果: 准确率=83.1867% | Loss=3.0088 | Macro F1=0.8321 | Weighted F1=0.8307
================================================================================
================================================================================
2026-03-04 22:02:06, 任务: 7, seed: 45, weight_domain: 1.5
--------------------------------------------------------------------------------
参数: num_classes=7, batch_size=64, lr=0.0005, epochs=100
训练完成 - 2026-03-04 22:05:30
测试结果: 准确率=69.0127% | Loss=7.6730 | Macro F1=0.6944 | Weighted F1=0.6945
================================================================================
================================================================================
2026-03-04 22:05:10, 任务: 6, seed: 44, weight_domain: 1.5
--------------------------------------------------------------------------------
参数: num_classes=7, batch_size=64, lr=0.0005, epochs=100
训练完成 - 2026-03-04 22:09:51
测试结果: 准确率=99.9213% | Loss=0.0028 | Macro F1=0.9992 | Weighted F1=0.9992
================================================================================
================================================================================
2026-03-04 22:05:14, 任务: 6, seed: 42, weight_domain: 1.5
--------------------------------------------------------------------------------
参数: num_classes=7, batch_size=64, lr=0.0005, epochs=100
训练完成 - 2026-03-04 22:09:51
测试结果: 准确率=100.0000% | Loss=0.0000 | Macro F1=1.0000 | Weighted F1=1.0000
================================================================================
================================================================================
2026-03-04 22:05:12, 任务: 6, seed: 43, weight_domain: 1.5
--------------------------------------------------------------------------------
参数: num_classes=7, batch_size=64, lr=0.0005, epochs=100
训练完成 - 2026-03-04 22:09:53
测试结果: 准确率=100.0000% | Loss=0.0000 | Macro F1=1.0000 | Weighted F1=1.0000
================================================================================
================================================================================
2026-03-04 22:05:07, 任务: 6, seed: 45, weight_domain: 1.5
--------------------------------------------------------------------------------
参数: num_classes=7, batch_size=64, lr=0.0005, epochs=100
训练完成 - 2026-03-04 22:10:00
测试结果: 准确率=100.0000% | Loss=0.0006 | Macro F1=1.0000 | Weighted F1=1.0000
================================================================================
================================================================================
2026-03-04 22:07:36, 任务: 5, seed: 42, weight_domain: 1.5
--------------------------------------------------------------------------------
参数: num_classes=7, batch_size=64, lr=0.0005, epochs=100
训练完成 - 2026-03-04 22:12:57
测试结果: 准确率=98.5714% | Loss=0.1806 | Macro F1=0.9853 | Weighted F1=0.9857
================================================================================
================================================================================
2026-03-04 22:07:43, 任务: 5, seed: 45, weight_domain: 1.5
--------------------------------------------------------------------------------
参数: num_classes=7, batch_size=64, lr=0.0005, epochs=100
训练完成 - 2026-03-04 22:13:04
测试结果: 准确率=100.0000% | Loss=0.0000 | Macro F1=1.0000 | Weighted F1=1.0000
================================================================================
================================================================================
2026-03-04 22:07:40, 任务: 5, seed: 44, weight_domain: 1.5
--------------------------------------------------------------------------------
参数: num_classes=7, batch_size=64, lr=0.0005, epochs=100
训练完成 - 2026-03-04 22:13:09
测试结果: 准确率=100.0000% | Loss=0.0000 | Macro F1=1.0000 | Weighted F1=1.0000
================================================================================
================================================================================
2026-03-04 22:07:38, 任务: 5, seed: 43, weight_domain: 1.5
--------------------------------------------------------------------------------
参数: num_classes=7, batch_size=64, lr=0.0005, epochs=100
训练完成 - 2026-03-04 22:13:10
测试结果: 准确率=99.9351% | Loss=0.0008 | Macro F1=0.9994 | Weighted F1=0.9994
================================================================================
