================================================================================
2026-03-01 20:59:09, 任务: 4,seed: 42
================================================================================
参数:
  num_classes: 7,batch_size: 64, lr: 0.0005, weight_domain: 0.5, epochs: 100
训练完成 - 2026-03-01 21:06:30
  准确率: 81.7739% | Loss: 2.8898 | Macro F1: 0.8240 | Weighted F1: 0.8236
================================================================================
================================================================================
2026-03-01 20:59:41, 任务: 4,seed: 44
================================================================================
参数:
  num_classes: 7,batch_size: 64, lr: 0.0005, weight_domain: 0.5, epochs: 100
训练完成 - 2026-03-01 21:06:54
  准确率: 94.5906% | Loss: 1.2238 | Macro F1: 0.9448 | Weighted F1: 0.9455
================================================================================
================================================================================
2026-03-01 20:59:31, 任务: 4,seed: 43
================================================================================
参数:
  num_classes: 7,batch_size: 64, lr: 0.0005, weight_domain: 0.5, epochs: 100
训练完成 - 2026-03-01 21:07:04
  准确率: 99.6589% | Loss: 0.0114 | Macro F1: 0.9966 | Weighted F1: 0.9966
================================================================================
================================================================================
2026-03-01 20:59:51, 任务: 4,seed: 45
================================================================================
参数:
  num_classes: 7,batch_size: 64, lr: 0.0005, weight_domain: 0.5, epochs: 100
训练完成 - 2026-03-01 21:07:26
  准确率: 89.8148% | Loss: 1.7549 | Macro F1: 0.8977 | Weighted F1: 0.8982
================================================================================

#
================================================================================
2026-03-01 21:08:45, 任务: 4,seed: 43
================================================================================
参数:
  num_classes: 7,batch_size: 64, lr: 0.0005, weight_domain: 0.5, epochs: 100
训练完成 - 2026-03-01 21:16:14
  准确率: 97.8558% | Loss: 0.1074 | Macro F1: 0.9784 | Weighted F1: 0.9785
================================================================================
================================================================================
2026-03-01 21:08:42, 任务: 4,seed: 42
================================================================================
参数:
  num_classes: 7,batch_size: 64, lr: 0.0005, weight_domain: 0.5, epochs: 100
训练完成 - 2026-03-01 21:16:20
  准确率: 92.7388% | Loss: 0.4145 | Macro F1: 0.9263 | Weighted F1: 0.9252
================================================================================
================================================================================
2026-03-01 21:08:46, 任务: 4,seed: 44
================================================================================
参数:
  num_classes: 7,batch_size: 64, lr: 0.0005, weight_domain: 0.5, epochs: 100
训练完成 - 2026-03-01 21:16:26
  准确率: 95.6140% | Loss: 1.7599 | Macro F1: 0.9562 | Weighted F1: 0.9561
================================================================================
================================================================================
2026-03-01 21:08:49, 任务: 4,seed: 45
================================================================================
参数:
  num_classes: 7,batch_size: 64, lr: 0.0005, weight_domain: 0.5, epochs: 100
训练完成 - 2026-03-01 21:16:32
  准确率: 99.1228% | Loss: 0.0501 | Macro F1: 0.9912 | Weighted F1: 0.9912
================================================================================
#

================================================================================
2026-03-01 21:17:38, 任务: 4,seed: 42
================================================================================
参数:
  num_classes: 7,batch_size: 64, lr: 0.0005, weight_domain: 0.5, epochs: 100
训练完成 - 2026-03-01 21:25:04
  准确率: 89.8635% | Loss: 4.2714 | Macro F1: 0.8957 | Weighted F1: 0.8951
================================================================================
================================================================================
2026-03-01 21:17:42, 任务: 4,seed: 44
================================================================================
参数:
  num_classes: 7,batch_size: 64, lr: 0.0005, weight_domain: 0.5, epochs: 100
训练完成 - 2026-03-01 21:25:09
  准确率: 94.7368% | Loss: 2.6356 | Macro F1: 0.9466 | Weighted F1: 0.9472
================================================================================
================================================================================
2026-03-01 21:17:43, 任务: 4,seed: 45
================================================================================
参数:
  num_classes: 7,batch_size: 64, lr: 0.0005, weight_domain: 0.5, epochs: 100
训练完成 - 2026-03-01 21:25:09
  准确率: 95.4678% | Loss: 1.8317 | Macro F1: 0.9530 | Weighted F1: 0.9536
================================================================================
================================================================================
2026-03-01 21:17:40, 任务: 4,seed: 43
================================================================================
参数:
  num_classes: 7,batch_size: 64, lr: 0.0005, weight_domain: 0.5, epochs: 100
训练完成 - 2026-03-01 21:25:28
  准确率: 99.5127% | Loss: 0.0848 | Macro F1: 0.9952 | Weighted F1: 0.9951
================================================================================
================================================================================
2026-03-01 21:26:54, 任务: 1,seed: 45
================================================================================
参数:
  num_classes: 7,batch_size: 64, lr: 0.0005, weight_domain: 0.5, epochs: 100
训练完成 - 2026-03-01 21:34:40
  准确率: 100.0000% | Loss: 0.0002 | Macro F1: 1.0000 | Weighted F1: 1.0000
================================================================================
================================================================================
2026-03-01 21:26:48, 任务: 1,seed: 42
================================================================================
参数:
  num_classes: 7,batch_size: 64, lr: 0.0005, weight_domain: 0.5, epochs: 100
训练完成 - 2026-03-01 21:34:44
  准确率: 99.7062% | Loss: 0.0103 | Macro F1: 0.9971 | Weighted F1: 0.9971
================================================================================
================================================================================
2026-03-01 21:26:52, 任务: 1,seed: 44
================================================================================
参数:
  num_classes: 7,batch_size: 64, lr: 0.0005, weight_domain: 0.5, epochs: 100
训练完成 - 2026-03-01 21:34:44
  准确率: 99.1185% | Loss: 0.0194 | Macro F1: 0.9913 | Weighted F1: 0.9912
================================================================================
================================================================================
2026-03-01 21:26:50, 任务: 1,seed: 43
================================================================================
参数:
  num_classes: 7,batch_size: 64, lr: 0.0005, weight_domain: 0.5, epochs: 100
训练完成 - 2026-03-01 21:34:47
  准确率: 99.2165% | Loss: 0.0432 | Macro F1: 0.9923 | Weighted F1: 0.9921
================================================================================
================================================================================
2026-03-01 21:36:28, 任务: 2,seed: 42
================================================================================
参数:
  num_classes: 7,batch_size: 64, lr: 0.0005, weight_domain: 0.5, epochs: 100
训练完成 - 2026-03-01 21:44:06
  准确率: 98.4127% | Loss: 0.0872 | Macro F1: 0.9846 | Weighted F1: 0.9841
================================================================================
================================================================================
2026-03-01 21:36:32, 任务: 2,seed: 44
================================================================================
参数:
  num_classes: 7,batch_size: 64, lr: 0.0005, weight_domain: 0.5, epochs: 100
训练完成 - 2026-03-01 21:44:16
  准确率: 94.9580% | Loss: 0.3889 | Macro F1: 0.9514 | Weighted F1: 0.9496
================================================================================
================================================================================
2026-03-01 21:36:34, 任务: 2,seed: 45
================================================================================
参数:
  num_classes: 7,batch_size: 64, lr: 0.0005, weight_domain: 0.5, epochs: 100
训练完成 - 2026-03-01 21:44:34
  准确率: 98.0392% | Loss: 0.2146 | Macro F1: 0.9801 | Weighted F1: 0.9803
================================================================================
================================================================================
2026-03-01 21:36:30, 任务: 2,seed: 43
================================================================================
参数:
  num_classes: 7,batch_size: 64, lr: 0.0005, weight_domain: 0.5, epochs: 100
训练完成 - 2026-03-01 21:44:39
  准确率: 99.3464% | Loss: 0.0522 | Macro F1: 0.9935 | Weighted F1: 0.9935
================================================================================
================================================================================
2026-03-01 21:46:04, 任务: 2,seed: 42
================================================================================
参数:
  num_classes: 7,batch_size: 64, lr: 0.0005, weight_domain: 0.5, epochs: 100
训练完成 - 2026-03-01 21:53:57
  准确率: 98.1326% | Loss: 0.0873 | Macro F1: 0.9818 | Weighted F1: 0.9813
================================================================================
================================================================================
2026-03-01 21:46:08, 任务: 2,seed: 44
================================================================================
参数:
  num_classes: 7,batch_size: 64, lr: 0.0005, weight_domain: 0.5, epochs: 100
训练完成 - 2026-03-01 21:54:02
  准确率: 98.1326% | Loss: 0.1314 | Macro F1: 0.9812 | Weighted F1: 0.9812
================================================================================
================================================================================
2026-03-01 21:46:06, 任务: 2,seed: 43
================================================================================
参数:
  num_classes: 7,batch_size: 64, lr: 0.0005, weight_domain: 0.5, epochs: 100
训练完成 - 2026-03-01 21:54:05
  准确率: 99.7199% | Loss: 0.0054 | Macro F1: 0.9972 | Weighted F1: 0.9972
================================================================================
================================================================================
2026-03-01 21:46:09, 任务: 2,seed: 45
================================================================================
参数:
  num_classes: 7,batch_size: 64, lr: 0.0005, weight_domain: 0.5, epochs: 100
训练完成 - 2026-03-01 21:54:06
  准确率: 98.6928% | Loss: 0.0624 | Macro F1: 0.9876 | Weighted F1: 0.9868
================================================================================
================================================================================
2026-03-04 21:22:01, 任务: 8,seed: 43
================================================================================
参数:
  num_classes: 7,batch_size: 128, lr: 0.0005, weight_domain: 1, epochs: 100
训练完成 - 2026-03-04 21:26:08
  准确率: 100.0000% | Loss: 0.0000 | Macro F1: 1.0000 | Weighted F1: 1.0000
================================================================================
================================================================================
2026-03-04 21:22:07, 任务: 8,seed: 44
================================================================================
参数:
  num_classes: 7,batch_size: 128, lr: 0.0005, weight_domain: 1, epochs: 100
训练完成 - 2026-03-04 21:26:12
  准确率: 98.3333% | Loss: 0.0697 | Macro F1: 0.9832 | Weighted F1: 0.9833
================================================================================
================================================================================
2026-03-04 21:21:55, 任务: 8,seed: 42
================================================================================
参数:
  num_classes: 7,batch_size: 128, lr: 0.0005, weight_domain: 1, epochs: 100
训练完成 - 2026-03-04 21:26:13
  准确率: 100.0000% | Loss: 0.0000 | Macro F1: 1.0000 | Weighted F1: 1.0000
================================================================================
================================================================================
2026-03-04 21:22:15, 任务: 8,seed: 45
================================================================================
参数:
  num_classes: 7,batch_size: 128, lr: 0.0005, weight_domain: 1, epochs: 100
训练完成 - 2026-03-04 21:26:31
  准确率: 99.5098% | Loss: 0.0302 | Macro F1: 0.9951 | Weighted F1: 0.9951
================================================================================
================================================================================
2026-03-04 21:22:42, 任务: 8,seed: 43
================================================================================
参数:
  num_classes: 7,batch_size: 128, lr: 0.0005, weight_domain: 1, epochs: 100
训练完成 - 2026-03-04 21:26:42
  准确率: 100.0000% | Loss: 0.0000 | Macro F1: 1.0000 | Weighted F1: 1.0000
================================================================================
================================================================================
2026-03-04 21:22:36, 任务: 8,seed: 42
================================================================================
参数:
  num_classes: 7,batch_size: 128, lr: 0.0005, weight_domain: 1, epochs: 100
训练完成 - 2026-03-04 21:26:45
  准确率: 100.0000% | Loss: 0.0000 | Macro F1: 1.0000 | Weighted F1: 1.0000
================================================================================
================================================================================
2026-03-04 21:22:47, 任务: 8,seed: 44
================================================================================
参数:
  num_classes: 7,batch_size: 128, lr: 0.0005, weight_domain: 1, epochs: 100
训练完成 - 2026-03-04 21:26:51
  准确率: 98.3333% | Loss: 0.0697 | Macro F1: 0.9832 | Weighted F1: 0.9833
================================================================================
================================================================================
2026-03-04 21:22:52, 任务: 8,seed: 45
================================================================================
参数:
  num_classes: 7,batch_size: 128, lr: 0.0005, weight_domain: 1, epochs: 100
训练完成 - 2026-03-04 21:26:52
  准确率: 99.5098% | Loss: 0.0302 | Macro F1: 0.9951 | Weighted F1: 0.9951
================================================================================
================================================================================
2026-03-04 21:28:46, 任务: 7,seed: 42
================================================================================
参数:
  num_classes: 7,batch_size: 128, lr: 0.0005, weight_domain: 1, epochs: 100
训练完成 - 2026-03-04 21:31:43
  准确率: 90.5181% | Loss: 1.0031 | Macro F1: 0.9049 | Weighted F1: 0.9042
================================================================================
================================================================================
2026-03-04 21:28:48, 任务: 7,seed: 43
================================================================================
参数:
  num_classes: 7,batch_size: 128, lr: 0.0005, weight_domain: 1, epochs: 100
训练完成 - 2026-03-04 21:31:52
  准确率: 91.1535% | Loss: 0.8213 | Macro F1: 0.9104 | Weighted F1: 0.9106
================================================================================
================================================================================
2026-03-04 21:28:52, 任务: 7,seed: 45
================================================================================
参数:
  num_classes: 7,batch_size: 128, lr: 0.0005, weight_domain: 1, epochs: 100
训练完成 - 2026-03-04 21:31:59
  准确率: 98.9736% | Loss: 0.0623 | Macro F1: 0.9896 | Weighted F1: 0.9898
================================================================================
================================================================================
2026-03-04 21:28:50, 任务: 7,seed: 44
================================================================================
参数:
  num_classes: 7,batch_size: 128, lr: 0.0005, weight_domain: 1, epochs: 100
训练完成 - 2026-03-04 21:32:07
  准确率: 99.9022% | Loss: 0.0070 | Macro F1: 0.9990 | Weighted F1: 0.9990
================================================================================
================================================================================
2026-03-04 21:29:14, 任务: 6,seed: 44
================================================================================
参数:
  num_classes: 7,batch_size: 128, lr: 0.0005, weight_domain: 1, epochs: 100
训练完成 - 2026-03-04 21:33:24
  准确率: 100.0000% | Loss: 0.0000 | Macro F1: 1.0000 | Weighted F1: 1.0000
================================================================================
================================================================================
2026-03-04 21:29:08, 任务: 6,seed: 42
================================================================================
参数:
  num_classes: 7,batch_size: 128, lr: 0.0005, weight_domain: 1, epochs: 100
训练完成 - 2026-03-04 21:33:28
  准确率: 99.9213% | Loss: 0.0015 | Macro F1: 0.9992 | Weighted F1: 0.9992
================================================================================
================================================================================
2026-03-04 21:29:11, 任务: 6,seed: 43
================================================================================
参数:
  num_classes: 7,batch_size: 128, lr: 0.0005, weight_domain: 1, epochs: 100
训练完成 - 2026-03-04 21:33:32
  准确率: 100.0000% | Loss: 0.0001 | Macro F1: 1.0000 | Weighted F1: 1.0000
================================================================================
================================================================================
2026-03-04 21:29:16, 任务: 6,seed: 45
================================================================================
参数:
  num_classes: 7,batch_size: 128, lr: 0.0005, weight_domain: 1, epochs: 100
训练完成 - 2026-03-04 21:33:38
  准确率: 100.0000% | Loss: 0.0000 | Macro F1: 1.0000 | Weighted F1: 1.0000
================================================================================
================================================================================
2026-03-04 21:34:53, 任务: 5,seed: 43
================================================================================
参数:
  num_classes: 7,batch_size: 128, lr: 0.0005, weight_domain: 1, epochs: 100
训练完成 - 2026-03-04 21:40:20
  准确率: 99.6104% | Loss: 0.0083 | Macro F1: 0.9961 | Weighted F1: 0.9961
================================================================================
================================================================================
2026-03-04 21:34:57, 任务: 5,seed: 45
================================================================================
参数:
  num_classes: 7,batch_size: 128, lr: 0.0005, weight_domain: 1, epochs: 100
训练完成 - 2026-03-04 21:40:24
  准确率: 99.9351% | Loss: 0.0014 | Macro F1: 0.9994 | Weighted F1: 0.9994
================================================================================
================================================================================
2026-03-04 21:34:51, 任务: 5,seed: 42
================================================================================
参数:
  num_classes: 7,batch_size: 128, lr: 0.0005, weight_domain: 1, epochs: 100
训练完成 - 2026-03-04 21:40:53
  准确率: 99.9351% | Loss: 0.0014 | Macro F1: 0.9993 | Weighted F1: 0.9994
================================================================================
================================================================================
2026-03-04 21:34:55, 任务: 5,seed: 44
================================================================================
参数:
  num_classes: 7,batch_size: 128, lr: 0.0005, weight_domain: 1, epochs: 100
训练完成 - 2026-03-04 21:40:56
  准确率: 99.8701% | Loss: 0.0093 | Macro F1: 0.9987 | Weighted F1: 0.9987
================================================================================
