================================================================================
开始新的训练 - 2026-03-01 19:15:30, 任务: 4,seed: 43
================================================================================
训练参数:
  num_classes: 7,batch_size: 64, lr: 0.001, weight_domain: 1, epochs: 100
训练完成 - 2026-03-01 19:22:49
在测试集上评估...
  准确率: 73.5867% | Loss: 3.3375 | Macro F1: 0.7342 | Weighted F1: 0.7339
================================================================================
================================================================================
开始新的训练 - 2026-03-01 19:15:28, 任务: 4,seed: 42
================================================================================
训练参数:
  num_classes: 7,batch_size: 64, lr: 0.001, weight_domain: 1, epochs: 100
训练完成 - 2026-03-01 19:22:52
在测试集上评估...
  准确率: 76.4620% | Loss: 30.4280 | Macro F1: 0.7673 | Weighted F1: 0.7688
================================================================================
================================================================================
开始新的训练 - 2026-03-01 19:15:39, 任务: 4,seed: 44
================================================================================
训练参数:
  num_classes: 7,batch_size: 64, lr: 0.001, weight_domain: 1, epochs: 100
训练完成 - 2026-03-01 19:22:55
在测试集上评估...
  准确率: 79.0936% | Loss: 11.6736 | Macro F1: 0.7914 | Weighted F1: 0.7923
================================================================================
================================================================================
开始新的训练 - 2026-03-01 19:15:48, 任务: 4,seed: 45
================================================================================
训练参数:
  num_classes: 7,batch_size: 64, lr: 0.001, weight_domain: 1, epochs: 100
训练完成 - 2026-03-01 19:23:06
在测试集上评估...
  准确率: 75.4386% | Loss: 45.1578 | Macro F1: 0.7551 | Weighted F1: 0.7558
================================================================================
#
================================================================================
2026-03-01 19:25:40, 任务: 4,seed: 44
================================================================================
参数:
  num_classes: 7,batch_size: 64, lr: 0.001, weight_domain: 0.5, epochs: 100
训练完成 - 2026-03-01 19:32:56
  准确率: 81.9688% | Loss: 10.1979 | Macro F1: 0.8177 | Weighted F1: 0.8183
================================================================================
================================================================================
2026-03-01 19:25:38, 任务: 4,seed: 43
================================================================================
参数:
  num_classes: 7,batch_size: 64, lr: 0.001, weight_domain: 0.5, epochs: 100
训练完成 - 2026-03-01 19:32:56
  准确率: 78.8012% | Loss: 8.7524 | Macro F1: 0.7892 | Weighted F1: 0.7903
================================================================================
================================================================================
2026-03-01 19:25:36, 任务: 4,seed: 42
================================================================================
参数:
  num_classes: 7,batch_size: 64, lr: 0.001, weight_domain: 0.5, epochs: 100
训练完成 - 2026-03-01 19:32:57
  准确率: 78.3626% | Loss: 11.7069 | Macro F1: 0.7844 | Weighted F1: 0.7852
================================================================================
================================================================================
2026-03-01 19:25:42, 任务: 4,seed: 45
================================================================================
参数:
  num_classes: 7,batch_size: 64, lr: 0.001, weight_domain: 0.5, epochs: 100
训练完成 - 2026-03-01 19:33:03
  准确率: 82.1150% | Loss: 5.1591 | Macro F1: 0.8201 | Weighted F1: 0.8214
================================================================================
#
================================================================================
2026-03-01 19:35:27, 任务: 4,seed: 43
================================================================================
参数:
  num_classes: 7,batch_size: 64, lr: 0.001, weight_domain: 0.3, epochs: 100
训练完成 - 2026-03-01 19:42:42
  准确率: 81.0429% | Loss: 5.3502 | Macro F1: 0.8101 | Weighted F1: 0.8110
================================================================================
================================================================================
2026-03-01 19:35:24, 任务: 4,seed: 42
================================================================================
参数:
  num_classes: 7,batch_size: 64, lr: 0.001, weight_domain: 0.3, epochs: 100
训练完成 - 2026-03-01 19:42:43
  准确率: 77.0468% | Loss: 12.1639 | Macro F1: 0.7697 | Weighted F1: 0.7707
================================================================================
================================================================================
2026-03-01 19:35:30, 任务: 4,seed: 45
================================================================================
参数:
  num_classes: 7,batch_size: 64, lr: 0.001, weight_domain: 0.3, epochs: 100
训练完成 - 2026-03-01 19:42:44
  准确率: 74.1715% | Loss: 13.7061 | Macro F1: 0.7438 | Weighted F1: 0.7444
================================================================================
================================================================================
2026-03-01 19:35:28, 任务: 4,seed: 44
================================================================================
参数:
  num_classes: 7,batch_size: 64, lr: 0.001, weight_domain: 0.3, epochs: 100
训练完成 - 2026-03-01 19:42:59
  准确率: 80.3606% | Loss: 7.0457 | Macro F1: 0.8010 | Weighted F1: 0.8018
================================================================================
#
================================================================================
2026-03-01 19:44:35, 任务: 4,seed: 43
================================================================================
参数:
  num_classes: 7,batch_size: 64, lr: 0.001, weight_domain: 1.5, epochs: 100
训练完成 - 2026-03-01 19:51:45
  准确率: 64.0838% | Loss: 55.4551 | Macro F1: 0.6432 | Weighted F1: 0.6419
================================================================================
================================================================================
2026-03-01 19:44:40, 任务: 4,seed: 45
================================================================================
参数:
  num_classes: 7,batch_size: 64, lr: 0.001, weight_domain: 1.5, epochs: 100
训练完成 - 2026-03-01 19:51:51
  准确率: 77.6803% | Loss: 34.8725 | Macro F1: 0.7790 | Weighted F1: 0.7807
================================================================================
================================================================================
2026-03-01 19:44:38, 任务: 4,seed: 44
================================================================================
参数:
  num_classes: 7,batch_size: 64, lr: 0.001, weight_domain: 1.5, epochs: 100
训练完成 - 2026-03-01 19:51:56
  准确率: 77.1442% | Loss: 21.3490 | Macro F1: 0.7703 | Weighted F1: 0.7712
================================================================================

#
================================================================================
2026-03-01 19:52:56, 任务: 4,seed: 43
================================================================================
参数:
  num_classes: 7,batch_size: 64, lr: 0.001, weight_domain: 0.7, epochs: 100
训练完成 - 2026-03-01 20:00:05
  准确率: 80.9942% | Loss: 8.3277 | Macro F1: 0.8114 | Weighted F1: 0.8116
================================================================================
================================================================================
2026-03-01 19:53:00, 任务: 4,seed: 45
================================================================================
参数:
  num_classes: 7,batch_size: 64, lr: 0.001, weight_domain: 0.7, epochs: 100
训练完成 - 2026-03-01 20:00:06
  准确率: 75.2924% | Loss: 6.3391 | Macro F1: 0.7520 | Weighted F1: 0.7523
================================================================================
================================================================================
2026-03-01 19:52:52, 任务: 4,seed: 42
================================================================================
参数:
  num_classes: 7,batch_size: 64, lr: 0.001, weight_domain: 0.7, epochs: 100
训练完成 - 2026-03-01 20:00:06
  准确率: 76.3645% | Loss: 16.5161 | Macro F1: 0.7637 | Weighted F1: 0.7640
================================================================================
================================================================================
2026-03-01 19:52:58, 任务: 4,seed: 44
================================================================================
参数:
  num_classes: 7,batch_size: 64, lr: 0.001, weight_domain: 0.7, epochs: 100
训练完成 - 2026-03-01 20:00:13
  准确率: 78.2651% | Loss: 11.9928 | Macro F1: 0.7835 | Weighted F1: 0.7843
================================================================================
#
================================================================================
2026-03-01 20:03:33, 任务: 2,seed: 42
================================================================================
参数:
  num_classes: 7,batch_size: 64, lr: 0.001, weight_domain: 0.5, epochs: 100
训练完成 - 2026-03-01 20:11:17
  准确率: 83.4734% | Loss: 5.1948 | Macro F1: 0.8407 | Weighted F1: 0.8378
================================================================================
================================================================================
2026-03-01 20:03:37, 任务: 2,seed: 44
================================================================================
参数:
  num_classes: 7,batch_size: 64, lr: 0.001, weight_domain: 0.5, epochs: 100
训练完成 - 2026-03-01 20:11:19
  准确率: 89.6359% | Loss: 1.6731 | Macro F1: 0.9021 | Weighted F1: 0.8985
================================================================================
================================================================================
2026-03-01 20:03:35, 任务: 2,seed: 43
================================================================================
参数:
  num_classes: 7,batch_size: 64, lr: 0.001, weight_domain: 0.5, epochs: 100
训练完成 - 2026-03-01 20:11:29
  准确率: 98.4127% | Loss: 0.1919 | Macro F1: 0.9844 | Weighted F1: 0.9842
================================================================================
================================================================================
2026-03-01 20:03:39, 任务: 2,seed: 45
================================================================================
参数:
  num_classes: 7,batch_size: 64, lr: 0.001, weight_domain: 0.5, epochs: 100
训练完成 - 2026-03-01 20:11:38
  准确率: 84.0336% | Loss: 5.0342 | Macro F1: 0.8448 | Weighted F1: 0.8428
================================================================================

#
================================================================================
2026-03-01 20:13:02, 任务: 3,seed: 42
================================================================================
参数:
  num_classes: 7,batch_size: 64, lr: 0.0005, weight_domain: 0.5, epochs: 100
训练完成 - 2026-03-01 20:20:46
  准确率: 94.6955% | Loss: 0.6300 | Macro F1: 0.9483 | Weighted F1: 0.9468
================================================================================
================================================================================
2026-03-01 20:13:12, 任务: 3,seed: 45
================================================================================
参数:
  num_classes: 7,batch_size: 64, lr: 0.0005, weight_domain: 0.5, epochs: 100
训练完成 - 2026-03-01 20:20:59
  准确率: 96.5619% | Loss: 0.4987 | Macro F1: 0.9664 | Weighted F1: 0.9655
================================================================================
================================================================================
2026-03-01 20:13:10, 任务: 3,seed: 44
================================================================================
参数:
  num_classes: 7,batch_size: 64, lr: 0.0005, weight_domain: 0.5, epochs: 100
训练完成 - 2026-03-01 20:20:59
  准确率: 91.9450% | Loss: 0.7534 | Macro F1: 0.9218 | Weighted F1: 0.9201
================================================================================
================================================================================
2026-03-01 20:13:07, 任务: 3,seed: 43
================================================================================
参数:
  num_classes: 7,batch_size: 64, lr: 0.0005, weight_domain: 0.5, epochs: 100
训练完成 - 2026-03-01 20:21:07
  准确率: 98.4283% | Loss: 0.0434 | Macro F1: 0.9842 | Weighted F1: 0.9842
================================================================================

#
================================================================================
2026-03-01 20:22:42, 任务: 1,seed: 43
================================================================================
参数:
  num_classes: 7,batch_size: 64, lr: 0.0005, weight_domain: 0.5, epochs: 100
训练完成 - 2026-03-01 20:30:21
  准确率: 98.1391% | Loss: 0.0595 | Macro F1: 0.9816 | Weighted F1: 0.9813
================================================================================
================================================================================
2026-03-01 20:22:40, 任务: 1,seed: 42
================================================================================
参数:
  num_classes: 7,batch_size: 64, lr: 0.0005, weight_domain: 0.5, epochs: 100
训练完成 - 2026-03-01 20:30:25
  准确率: 99.0206% | Loss: 0.0340 | Macro F1: 0.9903 | Weighted F1: 0.9902
================================================================================
================================================================================
2026-03-01 20:22:46, 任务: 1,seed: 45
================================================================================
参数:
  num_classes: 7,batch_size: 64, lr: 0.0005, weight_domain: 0.5, epochs: 100
训练完成 - 2026-03-01 20:30:25
  准确率: 96.4740% | Loss: 0.2696 | Macro F1: 0.9646 | Weighted F1: 0.9645
================================================================================
================================================================================
2026-03-01 20:22:44, 任务: 1,seed: 44
================================================================================
参数:
  num_classes: 7,batch_size: 64, lr: 0.0005, weight_domain: 0.5, epochs: 100
训练完成 - 2026-03-01 20:30:39
  准确率: 99.5103% | Loss: 0.0198 | Macro F1: 0.9951 | Weighted F1: 0.9951
================================================================================
================================================================================
2026-03-01 20:33:12, 任务: 4,seed: 42
================================================================================
参数:
  num_classes: 7,batch_size: 64, lr: 0.0005, weight_domain: 0.5, epochs: 100
训练完成 - 2026-03-01 20:40:26
  准确率: 80.7505% | Loss: 6.4876 | Macro F1: 0.8082 | Weighted F1: 0.8091
================================================================================
================================================================================
2026-03-01 20:33:14, 任务: 4,seed: 43
================================================================================
参数:
  num_classes: 7,batch_size: 64, lr: 0.0005, weight_domain: 0.5, epochs: 100
训练完成 - 2026-03-01 20:40:29
  准确率: 78.8986% | Loss: 4.5658 | Macro F1: 0.7888 | Weighted F1: 0.7896
================================================================================
================================================================================
2026-03-01 20:33:22, 任务: 4,seed: 45
================================================================================
参数:
  num_classes: 7,batch_size: 64, lr: 0.0005, weight_domain: 0.5, epochs: 100
训练完成 - 2026-03-01 20:41:03
  准确率: 80.8480% | Loss: 4.7416 | Macro F1: 0.8061 | Weighted F1: 0.8068
================================================================================
================================================================================
2026-03-01 20:38:58, 任务: 4,seed: 44
================================================================================
参数:
  num_classes: 7,batch_size: 64, lr: 0.0005, weight_domain: 0.5, epochs: 100
训练完成 - 2026-03-01 20:46:20
  准确率: 77.6316% | Loss: 8.2301 | Macro F1: 0.7792 | Weighted F1: 0.7808
================================================================================
================================================================================
2026-03-04 21:03:26, 任务: 5,seed: 43
================================================================================
参数:
  num_classes: 7,batch_size: 128, lr: 0.0005, weight_domain: 0.5, epochs: 100
训练完成 - 2026-03-04 21:07:42
  准确率: 99.3506% | Loss: 0.0616 | Macro F1: 0.9936 | Weighted F1: 0.9935
================================================================================
================================================================================
2026-03-04 21:03:24, 任务: 5,seed: 42
================================================================================
参数:
  num_classes: 7,batch_size: 128, lr: 0.0005, weight_domain: 0.5, epochs: 100
训练完成 - 2026-03-04 21:07:59
  准确率: 98.1818% | Loss: 0.1315 | Macro F1: 0.9818 | Weighted F1: 0.9818
================================================================================
================================================================================
2026-03-04 21:03:45, 任务: 5,seed: 45
================================================================================
参数:
  num_classes: 7,batch_size: 128, lr: 0.0005, weight_domain: 0.5, epochs: 100
训练完成 - 2026-03-04 21:08:04
  准确率: 98.3766% | Loss: 0.1345 | Macro F1: 0.9837 | Weighted F1: 0.9837
================================================================================
================================================================================
2026-03-04 21:03:37, 任务: 5,seed: 44
================================================================================
参数:
  num_classes: 7,batch_size: 128, lr: 0.0005, weight_domain: 0.5, epochs: 100
训练完成 - 2026-03-04 21:08:07
  准确率: 99.6753% | Loss: 0.0172 | Macro F1: 0.9967 | Weighted F1: 0.9967
================================================================================
================================================================================
2026-03-04 21:11:00, 任务: 7,seed: 43
================================================================================
参数:
  num_classes: 7,batch_size: 128, lr: 0.0005, weight_domain: 0.5, epochs: 100
训练完成 - 2026-03-04 21:14:02
  准确率: 79.0323% | Loss: 4.5824 | Macro F1: 0.7962 | Weighted F1: 0.7949
================================================================================
================================================================================
2026-03-04 21:10:53, 任务: 7,seed: 42
================================================================================
参数:
  num_classes: 7,batch_size: 128, lr: 0.0005, weight_domain: 0.5, epochs: 100
训练完成 - 2026-03-04 21:14:03
  准确率: 75.6109% | Loss: 3.1232 | Macro F1: 0.7595 | Weighted F1: 0.7599
================================================================================
================================================================================
2026-03-04 21:10:04, 任务: 6,seed: 42
================================================================================
参数:
  num_classes: 7,batch_size: 128, lr: 0.0005, weight_domain: 0.5, epochs: 100
训练完成 - 2026-03-04 21:14:08
  准确率: 100.0000% | Loss: 0.0000 | Macro F1: 1.0000 | Weighted F1: 1.0000
================================================================================
================================================================================
2026-03-04 21:11:07, 任务: 7,seed: 44
================================================================================
参数:
  num_classes: 7,batch_size: 128, lr: 0.0005, weight_domain: 0.5, epochs: 100
训练完成 - 2026-03-04 21:14:11
  准确率: 77.4682% | Loss: 5.0267 | Macro F1: 0.7895 | Weighted F1: 0.7880
================================================================================
================================================================================
2026-03-04 21:11:12, 任务: 7,seed: 45
================================================================================
参数:
  num_classes: 7,batch_size: 128, lr: 0.0005, weight_domain: 0.5, epochs: 100
训练完成 - 2026-03-04 21:14:15
  准确率: 77.0283% | Loss: 2.4067 | Macro F1: 0.7759 | Weighted F1: 0.7753
================================================================================
================================================================================
2026-03-04 21:10:08, 任务: 6,seed: 44
================================================================================
参数:
  num_classes: 7,batch_size: 128, lr: 0.0005, weight_domain: 0.5, epochs: 100
训练完成 - 2026-03-04 21:14:17
  准确率: 100.0000% | Loss: 0.0000 | Macro F1: 1.0000 | Weighted F1: 1.0000
================================================================================
================================================================================
2026-03-04 21:10:06, 任务: 6,seed: 43
================================================================================
参数:
  num_classes: 7,batch_size: 128, lr: 0.0005, weight_domain: 0.5, epochs: 100
训练完成 - 2026-03-04 21:14:22
  准确率: 100.0000% | Loss: 0.0001 | Macro F1: 1.0000 | Weighted F1: 1.0000
================================================================================
================================================================================
2026-03-04 21:10:11, 任务: 6,seed: 45
================================================================================
参数:
  num_classes: 7,batch_size: 128, lr: 0.0005, weight_domain: 0.5, epochs: 100
训练完成 - 2026-03-04 21:14:25
  准确率: 100.0000% | Loss: 0.0000 | Macro F1: 1.0000 | Weighted F1: 1.0000
================================================================================
================================================================================
2026-03-04 21:17:35, 任务: 8,seed: 43
================================================================================
参数:
  num_classes: 7,batch_size: 128, lr: 0.0005, weight_domain: 0.5, epochs: 100
训练完成 - 2026-03-04 21:21:18
  准确率: 98.5294% | Loss: 0.3528 | Macro F1: 0.9851 | Weighted F1: 0.9853
================================================================================
================================================================================
2026-03-04 21:17:39, 任务: 8,seed: 45
================================================================================
参数:
  num_classes: 7,batch_size: 128, lr: 0.0005, weight_domain: 0.5, epochs: 100
训练完成 - 2026-03-04 21:21:31
  准确率: 98.6765% | Loss: 0.2248 | Macro F1: 0.9866 | Weighted F1: 0.9867
================================================================================
================================================================================
2026-03-04 21:17:37, 任务: 8,seed: 44
================================================================================
参数:
  num_classes: 7,batch_size: 128, lr: 0.0005, weight_domain: 0.5, epochs: 100
训练完成 - 2026-03-04 21:21:41
  准确率: 98.7255% | Loss: 0.1889 | Macro F1: 0.9871 | Weighted F1: 0.9872
================================================================================
================================================================================
2026-03-04 21:17:33, 任务: 8,seed: 42
================================================================================
参数:
  num_classes: 7,batch_size: 128, lr: 0.0005, weight_domain: 0.5, epochs: 100
训练完成 - 2026-03-04 21:21:43
  准确率: 97.3039% | Loss: 0.3179 | Macro F1: 0.9722 | Weighted F1: 0.9726
================================================================================
