================================================================================
2026-03-02 19:40:07, 任务: 2, seed: 42
================================================================================
参数: num_classes=7, batch_size=64, lr=0.0005, epochs=100
训练完成 - 2026-03-02 19:59:58
测试结果: 准确率=92.4370% | Loss=0.6645 | Macro F1=0.9237 | Weighted F1=0.9216
================================================================================
================================================================================
2026-03-02 19:40:18, 任务: 2, seed: 43
================================================================================
参数: num_classes=7, batch_size=64, lr=0.0005, epochs=100
训练完成 - 2026-03-02 20:00:15
测试结果: 准确率=90.7563% | Loss=1.0590 | Macro F1=0.9103 | Weighted F1=0.9072
================================================================================
================================================================================
2026-03-02 19:40:51, 任务: 2, seed: 45
================================================================================
参数: num_classes=7, batch_size=64, lr=0.0005, epochs=100
训练完成 - 2026-03-02 20:00:23
测试结果: 准确率=92.2502% | Loss=0.8280 | Macro F1=0.9243 | Weighted F1=0.9214
================================================================================
================================================================================
2026-03-02 19:40:44, 任务: 2, seed: 44
================================================================================
参数: num_classes=7, batch_size=64, lr=0.0005, epochs=100
训练完成 - 2026-03-02 20:00:35
测试结果: 准确率=91.5966% | Loss=0.8951 | Macro F1=0.9181 | Weighted F1=0.9153
================================================================================
================================================================================
2026-03-02 20:01:16, 任务: 2, seed: 45
================================================================================
参数: num_classes=7, batch_size=64, lr=0.001, epochs=100
训练完成 - 2026-03-02 20:20:41
测试结果: 准确率=91.0364% | Loss=0.7971 | Macro F1=0.9123 | Weighted F1=0.9095
================================================================================
================================================================================
2026-03-02 20:01:14, 任务: 2, seed: 44
================================================================================
参数: num_classes=7, batch_size=64, lr=0.001, epochs=100
训练完成 - 2026-03-02 20:20:43
测试结果: 准确率=90.1027% | Loss=0.9730 | Macro F1=0.9031 | Weighted F1=0.9000
================================================================================
================================================================================
2026-03-02 20:01:12, 任务: 2, seed: 43
================================================================================
参数: num_classes=7, batch_size=64, lr=0.001, epochs=100
训练完成 - 2026-03-02 20:20:47
测试结果: 准确率=91.7834% | Loss=0.5453 | Macro F1=0.9202 | Weighted F1=0.9174
================================================================================
================================================================================
2026-03-02 20:01:10, 任务: 2, seed: 42
================================================================================
参数: num_classes=7, batch_size=64, lr=0.001, epochs=100
训练完成 - 2026-03-02 20:21:00
测试结果: 准确率=91.6900% | Loss=0.6938 | Macro F1=0.9189 | Weighted F1=0.9168
================================================================================

#
================================================================================
2026-03-02 20:22:18, 任务: 2, seed: 42
================================================================================
参数: num_classes=7, batch_size=64, lr=0.01, epochs=100
训练完成 - 2026-03-02 20:42:01
测试结果: 准确率=80.6723% | Loss=1.9726 | Macro F1=0.8069 | Weighted F1=0.8046
================================================================================
================================================================================
2026-03-02 20:22:27, 任务: 2, seed: 45
================================================================================
参数: num_classes=7, batch_size=64, lr=0.01, epochs=100
训练完成 - 2026-03-02 20:42:04
测试结果: 准确率=83.2866% | Loss=1.6453 | Macro F1=0.8376 | Weighted F1=0.8364
================================================================================
================================================================================
2026-03-02 20:22:23, 任务: 2, seed: 44
================================================================================
参数: num_classes=7, batch_size=64, lr=0.01, epochs=100
训练完成 - 2026-03-02 20:42:17
测试结果: 准确率=81.6993% | Loss=2.2874 | Macro F1=0.8149 | Weighted F1=0.8143
================================================================================
================================================================================
2026-03-02 20:22:21, 任务: 2, seed: 43
================================================================================
参数: num_classes=7, batch_size=64, lr=0.01, epochs=100
训练完成 - 2026-03-02 20:42:23
测试结果: 准确率=77.3109% | Loss=2.9121 | Macro F1=0.7769 | Weighted F1=0.7734
================================================================================
================================================================================
2026-03-02 20:43:46, 任务: 1, seed: 45
================================================================================
参数: num_classes=7, batch_size=64, lr=0.0005, epochs=100
训练完成 - 2026-03-02 21:03:06
测试结果: 准确率=99.6082% | Loss=0.0145 | Macro F1=0.9961 | Weighted F1=0.9961
================================================================================
================================================================================
2026-03-02 20:43:42, 任务: 1, seed: 43
================================================================================
参数: num_classes=7, batch_size=64, lr=0.0005, epochs=100
训练完成 - 2026-03-02 21:03:21
测试结果: 准确率=99.1185% | Loss=0.0413 | Macro F1=0.9913 | Weighted F1=0.9912
================================================================================
================================================================================
2026-03-02 20:43:44, 任务: 1, seed: 44
================================================================================
参数: num_classes=7, batch_size=64, lr=0.0005, epochs=100
训练完成 - 2026-03-02 21:03:34
测试结果: 准确率=99.6082% | Loss=0.0063 | Macro F1=0.9961 | Weighted F1=0.9961
================================================================================
================================================================================
2026-03-02 20:43:40, 任务: 1, seed: 42
================================================================================
参数: num_classes=7, batch_size=64, lr=0.0005, epochs=100
训练完成 - 2026-03-02 21:03:44
测试结果: 准确率=100.0000% | Loss=0.0000 | Macro F1=1.0000 | Weighted F1=1.0000
================================================================================
================================================================================
2026-03-02 21:09:11, 任务: 3, seed: 43
================================================================================
参数: num_classes=7, batch_size=64, lr=0.0005, epochs=100
训练完成 - 2026-03-02 21:28:39
测试结果: 准确率=96.5619% | Loss=0.1638 | Macro F1=0.9649 | Weighted F1=0.9655
================================================================================
================================================================================
2026-03-02 21:09:09, 任务: 3, seed: 42
================================================================================
参数: num_classes=7, batch_size=64, lr=0.0005, epochs=100
训练完成 - 2026-03-02 21:28:51
测试结果: 准确率=96.2672% | Loss=0.2253 | Macro F1=0.9638 | Weighted F1=0.9631
================================================================================
================================================================================
2026-03-02 21:09:16, 任务: 3, seed: 45
================================================================================
参数: num_classes=7, batch_size=64, lr=0.0005, epochs=100
训练完成 - 2026-03-02 21:28:59
测试结果: 准确率=94.5972% | Loss=0.4687 | Macro F1=0.9476 | Weighted F1=0.9469
================================================================================
================================================================================
2026-03-02 21:09:13, 任务: 3, seed: 44
================================================================================
参数: num_classes=7, batch_size=64, lr=0.0005, epochs=100
训练完成 - 2026-03-02 21:29:08
测试结果: 准确率=98.3301% | Loss=0.0791 | Macro F1=0.9837 | Weighted F1=0.9833
================================================================================
================================================================================
2026-03-02 21:30:38, 任务: 4, seed: 45
================================================================================
参数: num_classes=7, batch_size=64, lr=0.0005, epochs=100
训练完成 - 2026-03-02 21:45:39
测试结果: 准确率=82.3587% | Loss=2.6033 | Macro F1=0.8288 | Weighted F1=0.8298
================================================================================
================================================================================
2026-03-02 21:30:34, 任务: 4, seed: 43
================================================================================
参数: num_classes=7, batch_size=64, lr=0.0005, epochs=100
训练完成 - 2026-03-02 21:45:44
测试结果: 准确率=80.2144% | Loss=3.4470 | Macro F1=0.8076 | Weighted F1=0.8088
================================================================================
================================================================================
2026-03-02 21:30:35, 任务: 4, seed: 44
================================================================================
参数: num_classes=7, batch_size=64, lr=0.0005, epochs=100
训练完成 - 2026-03-02 21:45:46
测试结果: 准确率=81.5302% | Loss=3.4146 | Macro F1=0.8183 | Weighted F1=0.8201
================================================================================
================================================================================
2026-03-02 21:30:32, 任务: 4, seed: 42
================================================================================
参数: num_classes=7, batch_size=64, lr=0.0005, epochs=100
训练完成 - 2026-03-02 21:46:06
测试结果: 准确率=82.9922% | Loss=2.5998 | Macro F1=0.8288 | Weighted F1=0.8297
================================================================================
