==============================
2026-03-03 20:12:14, 任务: 4, seed: 45
..............................
参数: num_classes=7, batch_size=128, lr=0.0005, epochs=100
训练完成 - 2026-03-03 20:25:17
测试结果: 准确率=95.2729% | Loss=0.5474 | Macro F1=0.9521 | Weighted F1=0.9526
==============================
==============================
2026-03-03 20:12:46, 任务: 4, seed: 42
..............................
参数: num_classes=7, batch_size=128, lr=0.0005, epochs=100
训练完成 - 2026-03-03 20:25:58
测试结果: 准确率=97.0273% | Loss=0.3562 | Macro F1=0.9701 | Weighted F1=0.9703
==============================
==============================
2026-03-03 20:12:51, 任务: 4, seed: 44
..............................
参数: num_classes=7, batch_size=128, lr=0.0005, epochs=100
训练完成 - 2026-03-03 20:25:59
测试结果: 准确率=96.3450% | Loss=0.4001 | Macro F1=0.9635 | Weighted F1=0.9634
==============================
==============================
2026-03-03 20:12:48, 任务: 4, seed: 43
..............................
参数: num_classes=7, batch_size=128, lr=0.0005, epochs=100
训练完成 - 2026-03-03 20:26:33
测试结果: 准确率=97.1248% | Loss=0.2333 | Macro F1=0.9718 | Weighted F1=0.9715
==============================
